<?xml version="1.0" encoding="UTF-8"?>
<!-- Generated by org.testng.reporters.JUnitReportReporter -->
<testsuite hostname="DESKTOP-6R21ONA" failures="0" tests="1" name="org.test.Flipkart" time="9.237" errors="0" timestamp="11 Mar 2022 10:11:46 GMT" skipped="0">
  <testcase classname="org.test.Flipkart" name="test1" time="9.237"/>
</testsuite> <!-- org.test.Flipkart -->
